1	3.2, 5.7
2	0.1, 0.1
3	1.1, 3.6
4	6.2, 1.5
5	0.0, 475.7
6	0.8, 0.7
7	1359.7, 1161.1
8	4.3, 9.3
9	2.0, 31.1
10	43.6, 155.7
11	10.2, 11.0
12	0.0, 0.0
13	69.1, 74.3
14	1516.0, 3070.8
15	0.0, 0.1
16	230.8, 744.4
17	218.2, 268.7
18	8.2, 57.2
19	607.3, 970.0
20	1308.7, 2236.5
21	1202.0, 5149.9
23	28.7, 37.7
24	70.2, 218.1
25	1.5, 0.5
26	0.1, 2.9
27	15.1, 16.0
28	0.0, 0.0
29	0.0, 0.1
30	1.7, 1.4
31	263.7, 569.7
32	0.3, 1.0
34	0.1, 0.0
35	0.6, 13.4
36	0.0, 6122.4
37	1021.1, 2672.3
38	2257.8, 4103.1
39	14.1, 29.7
40	1303.1, 1500.5
41	6.8, 15.0
42	23.8, 362.9
43	0.0, 1.9
44	0.0, 0.0
45	13.0, 108.7
46	672.6, 2217.7
47	97.7, 455.7
48	54.8, 259.1
49	0.8, 4.9
50	228.7, 326.1
51	96.0, 237.8
52	2.5, 4.1
53	47.1, 113.7
54	0.0, 0.0
55	0.6, 1.3
56	3.1, 6.0
58	0.1, 0.1
59	1.0, 0.9
60	13.5, 17.3
61	19.0, 38.4
62	16.6, 16.4
63	0.8, 1.3
64	35.6, 36.0
65	0.8, 0.6
66	52.6, 85.6
67	105.0, 114.7
68	21.1, 51.2
69	94.8, 940.4
70	522.0, 786.3
71	961.7, 1368.7
72	41.7, 83.4
73	7.7, 19.4
74	232.3, 352.0
75	15.7, 26.0
76	0.1, 0.1
77	31.3, 59.5
78	108.1, 190.0
79	9.3, 7.2
80	15.6, 19.5
81	0.0, 0.3
82	32.6, 136.6
83	22.8, 23.9
84	58.6, 263.9
85	69.6, 73.5
86	0.0, 0.2
88	0.1, 0.5
89	0.8, 13.6
90	0.3, 0.1
91	4.6, 7.0
92	0.3, 0.0
94	0.5, 4.7
95	0.5, 0.5
96	0.2, 0.2
97	0.8, 0.1
98	127.6, 125.9
99	12.2, 10.2
